[2022-04-24 22:16:35]  Текст ошибки: syntax error, unexpected '$posts' (T_VARIABLE) | Файл: D:\OpenServer\domains\framework\app\controllers\MainController.php | Строка: 16
========================================
[2022-04-24 22:17:32]  Текст ошибки: syntax error, unexpected '$posts' (T_VARIABLE) | Файл: D:\OpenServer\domains\framework\app\controllers\MainController.php | Строка: 16
========================================
[2022-04-24 22:20:54]  Текст ошибки: syntax error, unexpected '$posts' (T_VARIABLE) | Файл: D:\OpenServer\domains\framework\app\controllers\MainController.php | Строка: 16
========================================
[2022-04-24 22:22:12]  Текст ошибки: syntax error, unexpected '$posts' (T_VARIABLE) | Файл: D:\OpenServer\domains\framework\app\controllers\MainController.php | Строка: 16
========================================
[2022-04-24 22:23:04]  Текст ошибки: Uncaught Error: Call to undefined function D:\OpenServer\domains\framework\vendor\core\ErrorHandler.php() in D:\OpenServer\domains\framework\vendor\core\ErrorHandler.php:39
Stack trace:
#0 D:\OpenServer\domains\framework\vendor\core\ErrorHandler.php(44): vendor\core\ErrorHandler->logErrors('Call to undefin...', 'D:\\OpenServer\\d...', 39)
#1 [internal function]: vendor\core\ErrorHandler->exceptionHandler(Object(Error))
#2 {main}
  thrown | Файл: D:\OpenServer\domains\framework\vendor\core\ErrorHandler.php | Строка: 39
========================================
[2022-04-24 22:24:21]  Текст ошибки: Undefined variable: rrr | Файл: D:\OpenServer\domains\framework\app\controllers\MainController.php | Строка: 16
========================================
[2022-04-24 22:27:22]  Текст ошибки: Undefined variable: rrr | Файл: D:\OpenServer\domains\framework\app\controllers\MainController.php | Строка: 16
========================================
[2022-04-27 15:56:21]  Текст ошибки: Undefined variable: jdhf | Файл: D:\OpenServer\domains\framework\app\controllers\MainController.php | Строка: 17
========================================
[2022-04-27 15:57:13]  Текст ошибки: Undefined variable: jdhf | Файл: D:\OpenServer\domains\framework\app\controllers\MainController.php | Строка: 17
========================================
[2022-04-27 15:57:14]  Текст ошибки: Undefined variable: jdhf | Файл: D:\OpenServer\domains\framework\app\controllers\MainController.php | Строка: 17
========================================
[2022-04-27 15:57:16]  Текст ошибки: Undefined variable: jdhf | Файл: D:\OpenServer\domains\framework\app\controllers\MainController.php | Строка: 17
========================================
[2022-04-27 15:57:35]  Текст ошибки: Undefined variable: jdhf | Файл: D:\OpenServer\domains\framework\app\controllers\MainController.php | Строка: 17
========================================
[2022-04-27 15:57:49]  Текст ошибки: Undefined variable: jdhf | Файл: D:\OpenServer\domains\framework\app\controllers\MainController.php | Строка: 17
========================================
[2022-04-27 15:58:23]  Текст ошибки: Undefined variable: jdhf | Файл: D:\OpenServer\domains\framework\app\controllers\MainController.php | Строка: 17
========================================
[2022-04-27 15:58:24]  Текст ошибки: Undefined variable: jdhf | Файл: D:\OpenServer\domains\framework\app\controllers\MainController.php | Строка: 17
========================================
[2022-04-27 15:58:24]  Текст ошибки: Undefined variable: jdhf | Файл: D:\OpenServer\domains\framework\app\controllers\MainController.php | Строка: 17
========================================
[2022-04-27 15:58:24]  Текст ошибки: Undefined variable: jdhf | Файл: D:\OpenServer\domains\framework\app\controllers\MainController.php | Строка: 17
========================================
[2022-04-27 15:58:54]  Текст ошибки: Undefined variable: jdhf | Файл: D:\OpenServer\domains\framework\app\controllers\MainController.php | Строка: 17
========================================
[2022-04-27 15:59:08]  Текст ошибки: Undefined variable: jdhf | Файл: D:\OpenServer\domains\framework\app\controllers\MainController.php | Строка: 17
========================================
[2022-04-27 15:59:09]  Текст ошибки: Undefined variable: jdhf | Файл: D:\OpenServer\domains\framework\app\controllers\MainController.php | Строка: 17
========================================
[2022-04-27 15:59:38]  Текст ошибки: Undefined variable: jdhf | Файл: D:\OpenServer\domains\framework\app\controllers\MainController.php | Строка: 17
========================================
[2022-04-27 15:59:38]  Текст ошибки: Undefined variable: jdhf | Файл: D:\OpenServer\domains\framework\app\controllers\MainController.php | Строка: 17
========================================
[2022-04-27 15:59:38]  Текст ошибки: Undefined variable: jdhf | Файл: D:\OpenServer\domains\framework\app\controllers\MainController.php | Строка: 17
========================================
[2022-04-27 15:59:39]  Текст ошибки: Undefined variable: jdhf | Файл: D:\OpenServer\domains\framework\app\controllers\MainController.php | Строка: 17
========================================
[2022-04-27 15:59:39]  Текст ошибки: Undefined variable: jdhf | Файл: D:\OpenServer\domains\framework\app\controllers\MainController.php | Строка: 17
========================================
[2022-04-27 16:08:59]  Текст ошибки: Undefined variable: jdhf | Файл: D:\OpenServer\domains\framework\app\controllers\MainController.php | Строка: 17
========================================
[2022-04-27 16:09:12]  Текст ошибки: Undefined variable: jdhf | Файл: D:\OpenServer\domains\framework\app\controllers\MainController.php | Строка: 17
========================================
[2022-04-27 16:18:38]  Текст ошибки: syntax error, unexpected 'if' (T_IF) | Файл: D:\OpenServer\domains\framework\app\controllers\MainController.php | Строка: 18
========================================
[2022-04-27 16:19:11]  Текст ошибки: Undefined variable: r | Файл: D:\OpenServer\domains\framework\app\controllers\MainController.php | Строка: 17
========================================
[2022-04-27 16:19:37]  Текст ошибки: Undefined variable: r | Файл: D:\OpenServer\domains\framework\app\controllers\MainController.php | Строка: 17
========================================
[2022-04-27 16:19:52]  Текст ошибки: Undefined variable: r | Файл: D:\OpenServer\domains\framework\app\controllers\MainController.php | Строка: 17
========================================
[2022-04-27 16:20:17]  Текст ошибки: Undefined variable: r | Файл: D:\OpenServer\domains\framework\app\controllers\MainController.php | Строка: 17
========================================
[2022-04-27 16:20:17]  Текст ошибки: Call to undefined function app\controllers\test() | Файл: D:\OpenServer\domains\framework\app\controllers\MainController.php | Строка: 18
========================================
[2022-04-27 16:21:15]  Текст ошибки: Undefined variable: r | Файл: D:\OpenServer\domains\framework\app\controllers\MainController.php | Строка: 17
========================================
[2022-04-27 16:21:15]  Текст ошибки: Call to undefined function app\controllers\test() | Файл: D:\OpenServer\domains\framework\app\controllers\MainController.php | Строка: 18
========================================
[2022-04-27 16:21:15]  Текст ошибки: Undefined variable: r | Файл: D:\OpenServer\domains\framework\app\controllers\MainController.php | Строка: 17
========================================
[2022-04-27 16:21:15]  Текст ошибки: Call to undefined function app\controllers\test() | Файл: D:\OpenServer\domains\framework\app\controllers\MainController.php | Строка: 18
========================================
[2022-04-27 16:21:16]  Текст ошибки: Undefined variable: r | Файл: D:\OpenServer\domains\framework\app\controllers\MainController.php | Строка: 17
========================================
[2022-04-27 16:21:16]  Текст ошибки: Call to undefined function app\controllers\test() | Файл: D:\OpenServer\domains\framework\app\controllers\MainController.php | Строка: 18
========================================
[2022-04-27 16:21:17]  Текст ошибки: Undefined variable: r | Файл: D:\OpenServer\domains\framework\app\controllers\MainController.php | Строка: 17
========================================
[2022-04-27 16:21:17]  Текст ошибки: Call to undefined function app\controllers\test() | Файл: D:\OpenServer\domains\framework\app\controllers\MainController.php | Строка: 18
========================================
[2022-04-27 16:21:43]  Текст ошибки: Undefined variable: r | Файл: D:\OpenServer\domains\framework\app\controllers\MainController.php | Строка: 17
========================================
[2022-04-27 16:21:43]  Текст ошибки: Call to undefined function app\controllers\test() | Файл: D:\OpenServer\domains\framework\app\controllers\MainController.php | Строка: 18
========================================
[2022-04-27 17:12:32]  Текст ошибки: Undefined variable: r | Файл: D:\OpenServer\domains\framework\app\controllers\MainController.php | Строка: 17
========================================
[2022-04-27 17:12:32]  Текст ошибки: Call to undefined function app\controllers\test() | Файл: D:\OpenServer\domains\framework\app\controllers\MainController.php | Строка: 18
========================================
[2022-04-28 22:46:43]  Текст ошибки: Not found page | Файл: D:\OpenServer\domains\framework\vendor\core\Router.php | Строка: 75
========================================
[2022-04-28 22:46:58]  Текст ошибки: Контроллер <b>app\controllers\AdminController</b> не найден | Файл: D:\OpenServer\domains\framework\vendor\core\Router.php | Строка: 75
========================================
[2022-04-28 22:47:26]  Текст ошибки: Контроллер <b>app\controllers\AdminController</b> не найден | Файл: D:\OpenServer\domains\framework\vendor\core\Router.php | Строка: 75
========================================
[2022-04-28 22:47:27]  Текст ошибки: Контроллер <b>app\controllers\AdminController</b> не найден | Файл: D:\OpenServer\domains\framework\vendor\core\Router.php | Строка: 75
========================================
[2022-04-28 22:47:28]  Текст ошибки: Контроллер <b>app\controllers\AdminController</b> не найден | Файл: D:\OpenServer\domains\framework\vendor\core\Router.php | Строка: 75
========================================
[2022-04-28 23:07:00]  Текст ошибки: Контроллер <b>app\controllers\AdminController</b> не найден | Файл: D:\OpenServer\domains\framework\vendor\core\Router.php | Строка: 75
========================================
[2022-04-28 23:07:11]  Текст ошибки: Контроллер <b>app\controllers\GgController</b> не найден | Файл: D:\OpenServer\domains\framework\vendor\core\Router.php | Строка: 75
========================================
[2022-04-28 23:07:17]  Текст ошибки: Контроллер <b>app\controllers\GgController</b> не найден | Файл: D:\OpenServer\domains\framework\vendor\core\Router.php | Строка: 75
========================================
[2022-04-29 08:39:18]  Текст ошибки: Контроллер <b>app\controllers\GgController</b> не найден | Файл: D:\OpenServer\domains\framework\vendor\core\Router.php | Строка: 78
========================================
[2022-04-29 08:39:18]  Текст ошибки: Страница не найдена | Файл: D:\OpenServer\domains\framework\vendor\core\Router.php | Строка: 83
========================================
[2022-04-29 08:40:26]  Текст ошибки: Контроллер <b>app\controllers\HhController</b> не найден | Файл: D:\OpenServer\domains\framework\vendor\core\Router.php | Строка: 78
========================================
[2022-04-29 08:40:46]  Текст ошибки: Контроллер <b>app\controllers\HhController</b> не найден | Файл: D:\OpenServer\domains\framework\vendor\core\Router.php | Строка: 79
========================================
[2022-04-29 08:41:45]  Текст ошибки: Контроллер <b>app\controllers\UserController</b> не найден | Файл: D:\OpenServer\domains\framework\vendor\core\Router.php | Строка: 79
========================================
[2022-04-29 08:41:53]  Текст ошибки: Контроллер <b>app\controllers\AdminController</b> не найден | Файл: D:\OpenServer\domains\framework\vendor\core\Router.php | Строка: 79
========================================
[2022-04-29 08:43:08]  Текст ошибки: Контроллер <b>app\controllers\AdminController</b> не найден | Файл: D:\OpenServer\domains\framework\vendor\core\Router.php | Строка: 79
========================================
[2022-04-29 08:43:19]  Текст ошибки: Контроллер <b>app\controllers\GggController</b> не найден | Файл: D:\OpenServer\domains\framework\vendor\core\Router.php | Строка: 79
========================================
[2022-04-29 08:47:59]  Текст ошибки: Контроллер <b>app\controllers\GggController</b> не найден | Файл: D:\OpenServer\domains\framework\vendor\core\Router.php | Строка: 84
========================================
[2022-04-29 08:48:59]  Текст ошибки: Контроллер <b>app\controllers\GggController</b> не найден | Файл: D:\OpenServer\domains\framework\vendor\core\Router.php | Строка: 84
========================================
[2022-04-29 08:51:31]  Текст ошибки: Контроллер <b>app\controllers\admin\\GggController</b> не найден | Файл: D:\OpenServer\domains\framework\vendor\core\Router.php | Строка: 85
========================================
[2022-04-29 08:51:41]  Текст ошибки: syntax error, unexpected '' (T_ENCAPSED_AND_WHITESPACE), expecting '-' or identifier (T_STRING) or variable (T_VARIABLE) or number (T_NUM_STRING) | Файл: D:\OpenServer\domains\framework\vendor\core\Router.php | Строка: 68
========================================
[2022-04-29 08:51:51]  Текст ошибки: Контроллер <b>app\controllers\admin\GggController</b> не найден | Файл: D:\OpenServer\domains\framework\vendor\core\Router.php | Строка: 85
========================================
[2022-04-29 08:51:59]  Текст ошибки: Контроллер <b>app\controllers\admin\GggController</b> не найден | Файл: D:\OpenServer\domains\framework\vendor\core\Router.php | Строка: 85
========================================
[2022-04-29 08:52:13]  Текст ошибки: Контроллер <b>app\controllers\admin\GggController</b> не найден | Файл: D:\OpenServer\domains\framework\vendor\core\Router.php | Строка: 84
========================================
[2022-04-29 08:52:29]  Текст ошибки: Контроллер <b>app\controllers\admin\GggController</b> не найден | Файл: D:\OpenServer\domains\framework\vendor\core\Router.php | Строка: 84
========================================
[2022-04-29 09:08:09]  Текст ошибки: Метода<b>ggAction</b> у контроллера<b>app\controllers\admin\TestController</b> нет | Файл: D:\OpenServer\domains\framework\vendor\core\Router.php | Строка: 79
========================================
[2022-04-29 09:08:19]  Текст ошибки: Контроллер <b>app\controllers\AdminController</b> не найден | Файл: D:\OpenServer\domains\framework\vendor\core\Router.php | Строка: 84
========================================
[2022-04-29 09:08:27]  Текст ошибки: Call to undefined method app\controllers\admin\TestController::getView() | Файл: D:\OpenServer\domains\framework\vendor\core\Router.php | Строка: 77
========================================
[2022-04-29 09:16:45]  Текст ошибки: <br>Not found view <b>D:\OpenServer\domains\framework/app/views/admin\Test/index.php</b> | Файл: D:\OpenServer\domains\framework\vendor\core\base\View.php | Строка: 46
========================================
